0 info it worked if it ends with ok
1 verbose cli [ '/usr/local/bin/node', '/usr/local/bin/npm', 'run', 'dev' ]
2 info using npm@3.4.1
3 info using node@v5.0.0
4 verbose run-script [ 'predev', 'dev', 'postdev' ]
5 info lifecycle jh-react-skeleton@1.0.0~predev: jh-react-skeleton@1.0.0
6 silly lifecycle jh-react-skeleton@1.0.0~predev: no script for predev, continuing
7 info lifecycle jh-react-skeleton@1.0.0~dev: jh-react-skeleton@1.0.0
8 verbose lifecycle jh-react-skeleton@1.0.0~dev: unsafe-perm in lifecycle true
9 verbose lifecycle jh-react-skeleton@1.0.0~dev: PATH: /usr/local/lib/node_modules/npm/bin/node-gyp-bin:/Users/jhurt/Desktop/Dev-Environment/Projects/practice/react-practice/udemy-react-flux/react-reflux-store/node_modules/.bin:/usr/bin:/bin:/usr/sbin:/sbin:/usr/local/bin:/usr/local/sbin
10 verbose lifecycle jh-react-skeleton@1.0.0~dev: CWD: /Users/jhurt/Desktop/Dev-Environment/Projects/practice/react-practice/udemy-react-flux/react-reflux-store
11 silly lifecycle jh-react-skeleton@1.0.0~dev: Args: [ '-c',
11 silly lifecycle   'webpack-dev-server --devtool eval-source-maps --progress --colors --hot' ]
12 silly lifecycle jh-react-skeleton@1.0.0~dev: Returned: code: 1  signal: null
13 info lifecycle jh-react-skeleton@1.0.0~dev: Failed to exec dev script
14 verbose stack Error: jh-react-skeleton@1.0.0 dev: `webpack-dev-server --devtool eval-source-maps --progress --colors --hot`
14 verbose stack Exit status 1
14 verbose stack     at EventEmitter.<anonymous> (/usr/local/lib/node_modules/npm/lib/utils/lifecycle.js:232:16)
14 verbose stack     at emitTwo (events.js:87:13)
14 verbose stack     at EventEmitter.emit (events.js:172:7)
14 verbose stack     at ChildProcess.<anonymous> (/usr/local/lib/node_modules/npm/lib/utils/spawn.js:24:14)
14 verbose stack     at emitTwo (events.js:87:13)
14 verbose stack     at ChildProcess.emit (events.js:172:7)
14 verbose stack     at maybeClose (internal/child_process.js:818:16)
14 verbose stack     at Process.ChildProcess._handle.onexit (internal/child_process.js:211:5)
15 verbose pkgid jh-react-skeleton@1.0.0
16 verbose cwd /Users/jhurt/Desktop/Dev-Environment/Projects/practice/react-practice/udemy-react-flux/react-reflux-store
17 error Darwin 13.2.0
18 error argv "/usr/local/bin/node" "/usr/local/bin/npm" "run" "dev"
19 error node v5.0.0
20 error npm  v3.4.1
21 error code ELIFECYCLE
22 error jh-react-skeleton@1.0.0 dev: `webpack-dev-server --devtool eval-source-maps --progress --colors --hot`
22 error Exit status 1
23 error Failed at the jh-react-skeleton@1.0.0 dev script 'webpack-dev-server --devtool eval-source-maps --progress --colors --hot'.
23 error Make sure you have the latest version of node.js and npm installed.
23 error If you do, this is most likely a problem with the jh-react-skeleton package,
23 error not with npm itself.
23 error Tell the author that this fails on your system:
23 error     webpack-dev-server --devtool eval-source-maps --progress --colors --hot
23 error You can get their info via:
23 error     npm owner ls jh-react-skeleton
23 error There is likely additional logging output above.
24 verbose exit [ 1, true ]
